<?xml version="1.0" encoding="UTF-8" ?>
<testsuite failures="0" time="0.128" errors="0" skipped="0" tests="1" name="ru.cg.runaex.database.util.AsciiToNativeTest">
  <properties>
    <property name="java.runtime.name" value="Java(TM) SE Runtime Environment"/>
    <property name="sun.boot.library.path" value="C:\Program Files\Java\jdk1.6.0_35\jre\bin"/>
    <property name="java.vm.version" value="20.10-b01"/>
    <property name="java.vm.vendor" value="Sun Microsystems Inc."/>
    <property name="java.vendor.url" value="http://java.sun.com/"/>
    <property name="path.separator" value=";"/>
    <property name="java.vm.name" value="Java HotSpot(TM) 64-Bit Server VM"/>
    <property name="file.encoding.pkg" value="sun.io"/>
    <property name="user.country" value="RU"/>
    <property name="sun.java.launcher" value="SUN_STANDARD"/>
    <property name="sun.os.patch.level" value="Service Pack 1"/>
    <property name="java.vm.specification.name" value="Java Virtual Machine Specification"/>
    <property name="user.dir" value="D:\work\runaex\common\database"/>
    <property name="java.runtime.version" value="1.6.0_35-b10"/>
    <property name="java.awt.graphicsenv" value="sun.awt.Win32GraphicsEnvironment"/>
    <property name="basedir" value="D:\work\runaex\common\database"/>
    <property name="java.endorsed.dirs" value="C:\Program Files\Java\jdk1.6.0_35\jre\lib\endorsed"/>
    <property name="os.arch" value="amd64"/>
    <property name="surefire.real.class.path" value="D:\work\runaex\common\database\target\surefire\surefirebooter3146342196053437802.jar"/>
    <property name="java.io.tmpdir" value="D:\Users\iabdulin\AppData\Local\Temp\"/>
    <property name="line.separator" value="
"/>
    <property name="java.vm.specification.vendor" value="Sun Microsystems Inc."/>
    <property name="user.variant" value=""/>
    <property name="os.name" value="Windows 7"/>
    <property name="sun.jnu.encoding" value="Cp1251"/>
    <property name="java.library.path" value="C:\Program Files\Java\jdk1.6.0_35\jre\bin;C:\Windows\Sun\Java\bin;C:\Windows\system32;C:\Windows;C:\Program Files (x86)\JetBrains\IntelliJ IDEA 12.1.4\bin\..\.\bin;C:\Ruby193\bin;C:\Program Files (x86)\SenchaSDKTools-2.0.0-Beta\jsbuilder;C:\Program Files (x86)\SenchaSDKTools-2.0.0-Beta\bin;C:\Program Files (x86)\SenchaSDKTools-2.0.0-Beta;D:\app\iabdulin\product\11.1.0\client_2\bin;D:\product\11.1.0\client_1;D:\app\iabdulin\product\11.1.0\db_1\bin;C:\Program Files (x86)\NVIDIA Corporation\PhysX\Common;C:\Windows\system32;C:\Windows;C:\Windows\System32\Wbem;C:\Windows\System32\WindowsPowerShell\v1.0\;d:\Program Files\apache-maven-3.0.3-bin\apache-maven-3.0.3\\bin;D:\Program Files\apache-ant-1.8.2-bin\apache-ant-1.8.2\bin;C:\Program Files\Aladdin\eToken\PKIClient\x32;C:\Program Files\Aladdin\eToken\PKIClient\x64;C:\Program Files (x86)\Lua\5.1;C:\Program Files (x86)\Lua\5.1\clibs;C:\Program Files\nodejs\;C:\Program Files (x86)\QuickTime\QTSystem\;d:\play-2.0.2\;d:\Program Files\PostgreSQL\9.1\bin\;c:\Program Files\Java\jdk1.6.0_35\bin\;C:\Program Files (x86)\Informix\bin;c:\Program Files (x86)\Microsoft SQL Server\100\Tools\Binn\;c:\Program Files\Microsoft SQL Server\100\Tools\Binn\;c:\Program Files\Microsoft SQL Server\100\DTS\Binn\;C:\Program Files (x86)\Autodesk\Backburner\;C:\Program Files\Common Files\Autodesk Shared\;C:\Program Files (x86)\Subversion\bin;c:\Program Files (x86)\Subversion\bin\;c:\Program Files (x86)\pgAdmin III\1.16\;C:\Program Files (x86)\Groovy\Groovy-2.1.3\bin;d:\Program Files\Git\bin\;C:\Program Files\TortoiseSVN\bin;C:\Program Files (x86)\OpenVPN\bin;D:\Users\iabdulin\AppData\Roaming\npm\;c:\program files (x86)\jetbrains\intellij idea 12.1.4\jre\jre\bin;."/>
    <property name="surefire.test.class.path" value="D:\work\runaex\common\database\target\test-classes;D:\work\runaex\common\database\target\classes;D:\work\runaex\common\core\target\runaex-core-1.27.2.jar;D:\work\runaex\common\components\target\runaex-components-core.jar;D:\Users\iabdulin\.m2\repository\commons-codec\commons-codec\1.7\commons-codec-1.7.jar;D:\Users\iabdulin\.m2\repository\javax\validation\validation-api\1.0.0.GA\validation-api-1.0.0.GA.jar;D:\Users\iabdulin\.m2\repository\org\codehaus\groovy\groovy\2.0.5\groovy-2.0.5.jar;D:\Users\iabdulin\.m2\repository\antlr\antlr\2.7.7\antlr-2.7.7.jar;D:\Users\iabdulin\.m2\repository\org\ow2\asm\asm-tree\4.0\asm-tree-4.0.jar;D:\Users\iabdulin\.m2\repository\org\ow2\asm\asm-commons\4.0\asm-commons-4.0.jar;D:\Users\iabdulin\.m2\repository\org\ow2\asm\asm\4.0\asm-4.0.jar;D:\Users\iabdulin\.m2\repository\org\ow2\asm\asm-util\4.0\asm-util-4.0.jar;D:\Users\iabdulin\.m2\repository\org\ow2\asm\asm-analysis\4.0\asm-analysis-4.0.jar;D:\Users\iabdulin\.m2\repository\postgresql\postgresql\9.1-901.jdbc4\postgresql-9.1-901.jdbc4.jar;D:\Users\iabdulin\.m2\repository\org\springframework\spring-jdbc\3.1.3.RELEASE\spring-jdbc-3.1.3.RELEASE.jar;D:\Users\iabdulin\.m2\repository\org\springframework\spring-core\3.1.3.RELEASE\spring-core-3.1.3.RELEASE.jar;D:\Users\iabdulin\.m2\repository\org\springframework\spring-beans\3.1.3.RELEASE\spring-beans-3.1.3.RELEASE.jar;D:\Users\iabdulin\.m2\repository\org\springframework\spring-context\3.1.3.RELEASE\spring-context-3.1.3.RELEASE.jar;D:\Users\iabdulin\.m2\repository\org\springframework\spring-aop\3.1.3.RELEASE\spring-aop-3.1.3.RELEASE.jar;D:\Users\iabdulin\.m2\repository\org\springframework\spring-expression\3.1.3.RELEASE\spring-expression-3.1.3.RELEASE.jar;D:\Users\iabdulin\.m2\repository\org\springframework\spring-asm\3.1.3.RELEASE\spring-asm-3.1.3.RELEASE.jar;D:\Users\iabdulin\.m2\repository\org\springframework\spring-tx\3.1.3.RELEASE\spring-tx-3.1.3.RELEASE.jar;D:\Users\iabdulin\.m2\repository\aopalliance\aopalliance\1.0\aopalliance-1.0.jar;D:\Users\iabdulin\.m2\repository\com\google\code\gson\gson\2.2.2\gson-2.2.2.jar;D:\Users\iabdulin\.m2\repository\ru\runa\wfe\wfe-core\4.0.6-SNAPSHOT\wfe-core-4.0.6-SNAPSHOT.jar;D:\Users\iabdulin\.m2\repository\org\springframework\spring-orm\3.1.3.RELEASE\spring-orm-3.1.3.RELEASE.jar;D:\Users\iabdulin\.m2\repository\org\hibernate\hibernate\3.2.4.sp1\hibernate-3.2.4.sp1.jar;D:\Users\iabdulin\.m2\repository\net\sf\ehcache\ehcache\1.2.3\ehcache-1.2.3.jar;D:\Users\iabdulin\.m2\repository\asm\asm-attrs\1.5.3\asm-attrs-1.5.3.jar;D:\Users\iabdulin\.m2\repository\cglib\cglib\3.0\cglib-3.0.jar;D:\Users\iabdulin\.m2\repository\asm\asm\1.5.3\asm-1.5.3.jar;D:\Users\iabdulin\.m2\repository\org\hibernate\hibernate-annotations\3.2.1.ga\hibernate-annotations-3.2.1.ga.jar;D:\Users\iabdulin\.m2\repository\javax\persistence\persistence-api\1.0\persistence-api-1.0.jar;D:\Users\iabdulin\.m2\repository\net\sf\ehcache\ehcache-core\2.4.3\ehcache-core-2.4.3.jar;D:\Users\iabdulin\.m2\repository\com\google\guava\guava\14.0.1\guava-14.0.1.jar;D:\Users\iabdulin\.m2\repository\freemarker\freemarker.patched\2.3.11\freemarker.patched-2.3.11.jar;D:\Users\iabdulin\.m2\repository\commons-beanutils\commons-beanutils\1.8.3\commons-beanutils-1.8.3.jar;D:\Users\iabdulin\.m2\repository\com\googlecode\json-simple\json-simple\1.1.1\json-simple-1.1.1.jar;D:\Users\iabdulin\.m2\repository\org\mozilla\rhino\1.7R4\rhino-1.7R4.jar;D:\Users\iabdulin\.m2\repository\net\bull\javamelody\javamelody-core\1.44.0\javamelody-core-1.44.0.jar;D:\Users\iabdulin\.m2\repository\org\jrobin\jrobin\1.5.9\jrobin-1.5.9.jar;D:\Users\iabdulin\.m2\repository\ru\runa\wfe\wfe-service\4.0.6-SNAPSHOT\wfe-service-4.0.6-SNAPSHOT.jar;D:\Users\iabdulin\.m2\repository\jcifs\jcifs\1.0\jcifs-1.0.jar;D:\Users\iabdulin\.m2\repository\org\liquibase\liquibase-core\2.0.5-cg-SNAPSHOT\liquibase-core-2.0.5-cg-SNAPSHOT.jar;D:\Users\iabdulin\.m2\repository\commons-lang\commons-lang\2.6\commons-lang-2.6.jar;D:\Users\iabdulin\.m2\repository\commons-io\commons-io\2.3\commons-io-2.3.jar;D:\Users\iabdulin\.m2\repository\junit\junit\4.8.1\junit-4.8.1.jar;D:\Users\iabdulin\.m2\repository\ru\cg\fias\search\search-core\1.6-SNAPSHOT\search-core-1.6-SNAPSHOT.jar;D:\Users\iabdulin\.m2\repository\com\cg\jul\core\1.8-SNAPSHOT\core-1.8-SNAPSHOT.jar;D:\Users\iabdulin\.m2\repository\org\slf4j\slf4j-log4j12\1.6.2\slf4j-log4j12-1.6.2.jar;D:\Users\iabdulin\.m2\repository\log4j\log4j\1.2.16\log4j-1.2.16.jar;D:\Users\iabdulin\.m2\repository\net\sourceforge\javacsv\javacsv\2.0\javacsv-2.0.jar;D:\Users\iabdulin\.m2\repository\com\cg\sphinx-tools\core\0.5.2-SNAPSHOT\core-0.5.2-SNAPSHOT.jar;D:\Users\iabdulin\.m2\repository\org\apache\ddlutils\ddlutils\1.0-cg-SNAPSHOT\ddlutils-1.0-cg-SNAPSHOT.jar;D:\Users\iabdulin\.m2\repository\commons-betwixt\commons-betwixt\0.8\commons-betwixt-0.8.jar;D:\Users\iabdulin\.m2\repository\commons-beanutils\commons-beanutils-core\1.7.0\commons-beanutils-core-1.7.0.jar;D:\Users\iabdulin\.m2\repository\commons-collections\commons-collections\3.1\commons-collections-3.1.jar;D:\Users\iabdulin\.m2\repository\commons-dbcp\commons-dbcp\1.2.1\commons-dbcp-1.2.1.jar;D:\Users\iabdulin\.m2\repository\xml-apis\xml-apis\1.0.b2\xml-apis-1.0.b2.jar;D:\Users\iabdulin\.m2\repository\commons-digester\commons-digester\1.7\commons-digester-1.7.jar;D:\Users\iabdulin\.m2\repository\commons-logging\commons-logging-api\1.0.4\commons-logging-api-1.0.4.jar;D:\Users\iabdulin\.m2\repository\commons-logging\commons-logging\1.0\commons-logging-1.0.jar;D:\Users\iabdulin\.m2\repository\commons-pool\commons-pool\1.2\commons-pool-1.2.jar;D:\Users\iabdulin\.m2\repository\dom4j\dom4j\1.4\dom4j-1.4.jar;D:\Users\iabdulin\.m2\repository\jaxen\jaxen\1.0-FCS\jaxen-1.0-FCS.jar;D:\Users\iabdulin\.m2\repository\saxpath\saxpath\1.0-FCS\saxpath-1.0-FCS.jar;D:\Users\iabdulin\.m2\repository\msv\msv\20020414\msv-20020414.jar;D:\Users\iabdulin\.m2\repository\relaxngDatatype\relaxngDatatype\20020414\relaxngDatatype-20020414.jar;D:\Users\iabdulin\.m2\repository\isorelax\isorelax\20020414\isorelax-20020414.jar;D:\Users\iabdulin\.m2\repository\stax\stax-api\1.0.1\stax-api-1.0.1.jar;D:\Users\iabdulin\.m2\repository\oro\oro\2.0.8\oro-2.0.8.jar;D:\Users\iabdulin\.m2\repository\org\slf4j\slf4j-api\1.6.2\slf4j-api-1.6.2.jar;"/>
    <property name="java.specification.name" value="Java Platform API Specification"/>
    <property name="java.class.version" value="50.0"/>
    <property name="sun.management.compiler" value="HotSpot 64-Bit Tiered Compilers"/>
    <property name="os.version" value="6.1"/>
    <property name="user.home" value="D:\Users\iabdulin"/>
    <property name="user.timezone" value=""/>
    <property name="java.awt.printerjob" value="sun.awt.windows.WPrinterJob"/>
    <property name="java.specification.version" value="1.6"/>
    <property name="file.encoding" value="Cp1251"/>
    <property name="user.name" value="iabdulin"/>
    <property name="java.class.path" value="D:\work\runaex\common\database\target\test-classes;D:\work\runaex\common\database\target\classes;D:\work\runaex\common\core\target\runaex-core-1.27.2.jar;D:\work\runaex\common\components\target\runaex-components-core.jar;D:\Users\iabdulin\.m2\repository\commons-codec\commons-codec\1.7\commons-codec-1.7.jar;D:\Users\iabdulin\.m2\repository\javax\validation\validation-api\1.0.0.GA\validation-api-1.0.0.GA.jar;D:\Users\iabdulin\.m2\repository\org\codehaus\groovy\groovy\2.0.5\groovy-2.0.5.jar;D:\Users\iabdulin\.m2\repository\antlr\antlr\2.7.7\antlr-2.7.7.jar;D:\Users\iabdulin\.m2\repository\org\ow2\asm\asm-tree\4.0\asm-tree-4.0.jar;D:\Users\iabdulin\.m2\repository\org\ow2\asm\asm-commons\4.0\asm-commons-4.0.jar;D:\Users\iabdulin\.m2\repository\org\ow2\asm\asm\4.0\asm-4.0.jar;D:\Users\iabdulin\.m2\repository\org\ow2\asm\asm-util\4.0\asm-util-4.0.jar;D:\Users\iabdulin\.m2\repository\org\ow2\asm\asm-analysis\4.0\asm-analysis-4.0.jar;D:\Users\iabdulin\.m2\repository\postgresql\postgresql\9.1-901.jdbc4\postgresql-9.1-901.jdbc4.jar;D:\Users\iabdulin\.m2\repository\org\springframework\spring-jdbc\3.1.3.RELEASE\spring-jdbc-3.1.3.RELEASE.jar;D:\Users\iabdulin\.m2\repository\org\springframework\spring-core\3.1.3.RELEASE\spring-core-3.1.3.RELEASE.jar;D:\Users\iabdulin\.m2\repository\org\springframework\spring-beans\3.1.3.RELEASE\spring-beans-3.1.3.RELEASE.jar;D:\Users\iabdulin\.m2\repository\org\springframework\spring-context\3.1.3.RELEASE\spring-context-3.1.3.RELEASE.jar;D:\Users\iabdulin\.m2\repository\org\springframework\spring-aop\3.1.3.RELEASE\spring-aop-3.1.3.RELEASE.jar;D:\Users\iabdulin\.m2\repository\org\springframework\spring-expression\3.1.3.RELEASE\spring-expression-3.1.3.RELEASE.jar;D:\Users\iabdulin\.m2\repository\org\springframework\spring-asm\3.1.3.RELEASE\spring-asm-3.1.3.RELEASE.jar;D:\Users\iabdulin\.m2\repository\org\springframework\spring-tx\3.1.3.RELEASE\spring-tx-3.1.3.RELEASE.jar;D:\Users\iabdulin\.m2\repository\aopalliance\aopalliance\1.0\aopalliance-1.0.jar;D:\Users\iabdulin\.m2\repository\com\google\code\gson\gson\2.2.2\gson-2.2.2.jar;D:\Users\iabdulin\.m2\repository\ru\runa\wfe\wfe-core\4.0.6-SNAPSHOT\wfe-core-4.0.6-SNAPSHOT.jar;D:\Users\iabdulin\.m2\repository\org\springframework\spring-orm\3.1.3.RELEASE\spring-orm-3.1.3.RELEASE.jar;D:\Users\iabdulin\.m2\repository\org\hibernate\hibernate\3.2.4.sp1\hibernate-3.2.4.sp1.jar;D:\Users\iabdulin\.m2\repository\net\sf\ehcache\ehcache\1.2.3\ehcache-1.2.3.jar;D:\Users\iabdulin\.m2\repository\asm\asm-attrs\1.5.3\asm-attrs-1.5.3.jar;D:\Users\iabdulin\.m2\repository\cglib\cglib\3.0\cglib-3.0.jar;D:\Users\iabdulin\.m2\repository\asm\asm\1.5.3\asm-1.5.3.jar;D:\Users\iabdulin\.m2\repository\org\hibernate\hibernate-annotations\3.2.1.ga\hibernate-annotations-3.2.1.ga.jar;D:\Users\iabdulin\.m2\repository\javax\persistence\persistence-api\1.0\persistence-api-1.0.jar;D:\Users\iabdulin\.m2\repository\net\sf\ehcache\ehcache-core\2.4.3\ehcache-core-2.4.3.jar;D:\Users\iabdulin\.m2\repository\com\google\guava\guava\14.0.1\guava-14.0.1.jar;D:\Users\iabdulin\.m2\repository\freemarker\freemarker.patched\2.3.11\freemarker.patched-2.3.11.jar;D:\Users\iabdulin\.m2\repository\commons-beanutils\commons-beanutils\1.8.3\commons-beanutils-1.8.3.jar;D:\Users\iabdulin\.m2\repository\com\googlecode\json-simple\json-simple\1.1.1\json-simple-1.1.1.jar;D:\Users\iabdulin\.m2\repository\org\mozilla\rhino\1.7R4\rhino-1.7R4.jar;D:\Users\iabdulin\.m2\repository\net\bull\javamelody\javamelody-core\1.44.0\javamelody-core-1.44.0.jar;D:\Users\iabdulin\.m2\repository\org\jrobin\jrobin\1.5.9\jrobin-1.5.9.jar;D:\Users\iabdulin\.m2\repository\ru\runa\wfe\wfe-service\4.0.6-SNAPSHOT\wfe-service-4.0.6-SNAPSHOT.jar;D:\Users\iabdulin\.m2\repository\jcifs\jcifs\1.0\jcifs-1.0.jar;D:\Users\iabdulin\.m2\repository\org\liquibase\liquibase-core\2.0.5-cg-SNAPSHOT\liquibase-core-2.0.5-cg-SNAPSHOT.jar;D:\Users\iabdulin\.m2\repository\commons-lang\commons-lang\2.6\commons-lang-2.6.jar;D:\Users\iabdulin\.m2\repository\commons-io\commons-io\2.3\commons-io-2.3.jar;D:\Users\iabdulin\.m2\repository\junit\junit\4.8.1\junit-4.8.1.jar;D:\Users\iabdulin\.m2\repository\ru\cg\fias\search\search-core\1.6-SNAPSHOT\search-core-1.6-SNAPSHOT.jar;D:\Users\iabdulin\.m2\repository\com\cg\jul\core\1.8-SNAPSHOT\core-1.8-SNAPSHOT.jar;D:\Users\iabdulin\.m2\repository\org\slf4j\slf4j-log4j12\1.6.2\slf4j-log4j12-1.6.2.jar;D:\Users\iabdulin\.m2\repository\log4j\log4j\1.2.16\log4j-1.2.16.jar;D:\Users\iabdulin\.m2\repository\net\sourceforge\javacsv\javacsv\2.0\javacsv-2.0.jar;D:\Users\iabdulin\.m2\repository\com\cg\sphinx-tools\core\0.5.2-SNAPSHOT\core-0.5.2-SNAPSHOT.jar;D:\Users\iabdulin\.m2\repository\org\apache\ddlutils\ddlutils\1.0-cg-SNAPSHOT\ddlutils-1.0-cg-SNAPSHOT.jar;D:\Users\iabdulin\.m2\repository\commons-betwixt\commons-betwixt\0.8\commons-betwixt-0.8.jar;D:\Users\iabdulin\.m2\repository\commons-beanutils\commons-beanutils-core\1.7.0\commons-beanutils-core-1.7.0.jar;D:\Users\iabdulin\.m2\repository\commons-collections\commons-collections\3.1\commons-collections-3.1.jar;D:\Users\iabdulin\.m2\repository\commons-dbcp\commons-dbcp\1.2.1\commons-dbcp-1.2.1.jar;D:\Users\iabdulin\.m2\repository\xml-apis\xml-apis\1.0.b2\xml-apis-1.0.b2.jar;D:\Users\iabdulin\.m2\repository\commons-digester\commons-digester\1.7\commons-digester-1.7.jar;D:\Users\iabdulin\.m2\repository\commons-logging\commons-logging-api\1.0.4\commons-logging-api-1.0.4.jar;D:\Users\iabdulin\.m2\repository\commons-logging\commons-logging\1.0\commons-logging-1.0.jar;D:\Users\iabdulin\.m2\repository\commons-pool\commons-pool\1.2\commons-pool-1.2.jar;D:\Users\iabdulin\.m2\repository\dom4j\dom4j\1.4\dom4j-1.4.jar;D:\Users\iabdulin\.m2\repository\jaxen\jaxen\1.0-FCS\jaxen-1.0-FCS.jar;D:\Users\iabdulin\.m2\repository\saxpath\saxpath\1.0-FCS\saxpath-1.0-FCS.jar;D:\Users\iabdulin\.m2\repository\msv\msv\20020414\msv-20020414.jar;D:\Users\iabdulin\.m2\repository\relaxngDatatype\relaxngDatatype\20020414\relaxngDatatype-20020414.jar;D:\Users\iabdulin\.m2\repository\isorelax\isorelax\20020414\isorelax-20020414.jar;D:\Users\iabdulin\.m2\repository\stax\stax-api\1.0.1\stax-api-1.0.1.jar;D:\Users\iabdulin\.m2\repository\oro\oro\2.0.8\oro-2.0.8.jar;D:\Users\iabdulin\.m2\repository\org\slf4j\slf4j-api\1.6.2\slf4j-api-1.6.2.jar;"/>
    <property name="java.vm.specification.version" value="1.0"/>
    <property name="sun.arch.data.model" value="64"/>
    <property name="java.home" value="C:\Program Files\Java\jdk1.6.0_35\jre"/>
    <property name="sun.java.command" value="D:\work\runaex\common\database\target\surefire\surefirebooter3146342196053437802.jar D:\work\runaex\common\database\target\surefire\surefire7173080621394901571tmp D:\work\runaex\common\database\target\surefire\surefire7331869521993471471tmp"/>
    <property name="java.specification.vendor" value="Sun Microsystems Inc."/>
    <property name="user.language" value="ru"/>
    <property name="awt.toolkit" value="sun.awt.windows.WToolkit"/>
    <property name="java.vm.info" value="mixed mode"/>
    <property name="java.version" value="1.6.0_35"/>
    <property name="java.ext.dirs" value="C:\Program Files\Java\jdk1.6.0_35\jre\lib\ext;C:\Windows\Sun\Java\lib\ext"/>
    <property name="sun.boot.class.path" value="C:\Program Files\Java\jdk1.6.0_35\jre\lib\resources.jar;C:\Program Files\Java\jdk1.6.0_35\jre\lib\rt.jar;C:\Program Files\Java\jdk1.6.0_35\jre\lib\sunrsasign.jar;C:\Program Files\Java\jdk1.6.0_35\jre\lib\jsse.jar;C:\Program Files\Java\jdk1.6.0_35\jre\lib\jce.jar;C:\Program Files\Java\jdk1.6.0_35\jre\lib\charsets.jar;C:\Program Files\Java\jdk1.6.0_35\jre\lib\modules\jdk.boot.jar;C:\Program Files\Java\jdk1.6.0_35\jre\classes"/>
    <property name="java.vendor" value="Sun Microsystems Inc."/>
    <property name="localRepository" value="D:\Users\iabdulin\.m2\repository"/>
    <property name="file.separator" value="\"/>
    <property name="java.vendor.url.bug" value="http://java.sun.com/cgi-bin/bugreport.cgi"/>
    <property name="sun.cpu.endian" value="little"/>
    <property name="sun.io.unicode.encoding" value="UnicodeLittle"/>
    <property name="sun.desktop" value="windows"/>
    <property name="sun.cpu.isalist" value="amd64"/>
  </properties>
  <testcase time="0.003" classname="ru.cg.runaex.database.util.AsciiToNativeTest" name="asciiToNativeTest"/>
</testsuite>